* using log directory ‘/Users/naras/GitHub/covidcast/R-packages/evalcast.Rcheck’
* using R version 4.0.2 (2020-06-22)
* using platform: x86_64-apple-darwin19.5.0 (64-bit)
* using session charset: UTF-8
* using option ‘--as-cran’
* checking for file ‘evalcast/DESCRIPTION’ ... OK
* checking extension type ... Package
* this is package ‘evalcast’ version ‘0.1.0’
* package encoding: UTF-8
* checking CRAN incoming feasibility ... WARNING
Maintainer: ‘Jacob Bien <jbien@usc.edu>’

New submission

Unknown, possibly mis-spelled, fields in DESCRIPTION:
  ‘Remotes’

Strong dependencies not in mainstream repositories:
  covidcast

The Description field should not start with the package name,
  'This package' or similar.
* checking package namespace information ... OK
* checking package dependencies ... OK
* checking if this is a source package ... OK
* checking if there is a namespace ... OK
* checking for executable files ... OK
* checking for hidden files and directories ... OK
* checking for portable file names ... OK
* checking for sufficient/correct file permissions ... OK
* checking serialization versions ... OK
* checking whether package ‘evalcast’ can be installed ... OK
* checking installed package size ... OK
* checking package directory ... OK
* checking for future file timestamps ... OK
* checking DESCRIPTION meta-information ... OK
* checking top-level files ... OK
* checking for left-over files ... OK
* checking index information ... OK
* checking package subdirectories ... OK
* checking R files for non-ASCII characters ... OK
* checking R files for syntax errors ... OK
* checking whether the package can be loaded ... OK
* checking whether the package can be loaded with stated dependencies ... OK
* checking whether the package can be unloaded cleanly ... OK
* checking whether the namespace can be loaded with stated dependencies ... OK
* checking whether the namespace can be unloaded cleanly ... OK
* checking loading without being on the library search path ... OK
* checking use of S3 registration ... OK
* checking dependencies in R code ... OK
* checking S3 generic/method consistency ... OK
* checking replacement functions ... OK
* checking foreign function calls ... OK
* checking R code for possible problems ... NOTE
compute_actual_vs_nominal_prob : <anonymous>: no visible binding for
  global variable ‘forecast_date’
compute_actual_vs_nominal_prob : <anonymous>: no visible binding for
  global variable ‘actual’
compute_actual_vs_nominal_prob : <anonymous>: no visible binding for
  global variable ‘forecast_distribution’
compute_actual_vs_nominal_prob: no visible binding for global variable
  ‘nominal_id’
compute_calibration : <anonymous>: no visible binding for global
  variable ‘actual’
compute_calibration : <anonymous>: no visible binding for global
  variable ‘forecast_distribution’
compute_calibration : <anonymous>: no visible binding for global
  variable ‘forecast_date’
compute_calibration : <anonymous>: no visible binding for global
  variable ‘is_below’
compute_calibration : <anonymous>: no visible binding for global
  variable ‘is_above’
compute_calibration: no visible binding for global variable
  ‘nominal_id’
compute_coverage : <anonymous>: no visible binding for global variable
  ‘actual’
compute_coverage : <anonymous>: no visible binding for global variable
  ‘forecast_distribution’
compute_coverage : <anonymous>: no visible binding for global variable
  ‘is_below’
compute_coverage : <anonymous>: no visible binding for global variable
  ‘is_above’
compute_coverage : <anonymous>: no visible binding for global variable
  ‘forecast_date’
compute_coverage : <anonymous>: no visible binding for global variable
  ‘is_covered’
compute_coverage: no visible binding for global variable ‘nominal_id’
compute_width_single_distribution: no visible binding for global
  variable ‘probs’
compute_width_single_distribution: no visible binding for global
  variable ‘quantiles.y’
compute_width_single_distribution: no visible binding for global
  variable ‘quantiles.x’
download_signal: no visible binding for global variable ‘STATE’
download_signal: no visible binding for global variable ‘COUNTYNAME’
download_signal: no visible binding for global variable ‘FIPS’
download_signal: no visible binding for global variable ‘geo_value’
download_signal: no visible binding for global variable ‘fips’
evaluate_predictions_single_ahead: no visible binding for global
  variable ‘end’
evaluate_predictions_single_ahead: no visible binding for global
  variable ‘forecast_date’
evaluate_predictions_single_ahead: no visible binding for global
  variable ‘start’
evaluate_predictions_single_ahead: no visible binding for global
  variable ‘actual’
evaluate_predictions_single_ahead: no visible binding for global
  variable ‘forecast_distribution’
evaluate_predictions_single_ahead: no visible global function
  definition for ‘:=’
get_covidhub_predictions: no visible binding for global variable
  ‘value’
get_covidhub_predictions: no visible binding for global variable
  ‘target’
get_covidhub_predictions: no visible binding for global variable ‘type’
get_covidhub_predictions: no visible binding for global variable
  ‘target_end_date’
get_covidhub_predictions: no visible binding for global variable
  ‘ahead’
get_covidhub_predictions: no visible binding for global variable
  ‘response’
get_covidhub_predictions: no visible binding for global variable
  ‘geo_type’
get_target_response: no visible binding for global variable ‘end’
get_target_response: no visible binding for global variable ‘start’
get_target_response: no visible binding for global variable
  ‘forecast_date’
get_target_response: no visible binding for global variable ‘value’
interval_coverage : <anonymous>: no visible binding for global variable
  ‘probs’
interval_coverage : <anonymous>: no visible binding for global variable
  ‘quantiles’
plot_calibration: no visible binding for global variable
  ‘coverage_type’
plot_calibration: no visible binding for global variable
  ‘nominal_quantile’
plot_calibration: no visible global function definition for ‘ggplot’
plot_calibration: no visible global function definition for ‘aes’
plot_calibration: no visible binding for global variable ‘proportion’
plot_calibration: no visible global function definition for ‘geom_line’
plot_calibration: no visible binding for global variable ‘emph’
plot_calibration: no visible global function definition for
  ‘geom_point’
plot_calibration: no visible global function definition for
  ‘geom_abline’
plot_calibration: no visible global function definition for ‘labs’
plot_calibration: no visible global function definition for
  ‘geom_vline’
plot_calibration: no visible global function definition for
  ‘scale_colour_discrete’
plot_calibration: no visible global function definition for
  ‘scale_alpha_continuous’
plot_calibration: no visible global function definition for
  ‘scale_size_continuous’
plot_calibration: no visible global function definition for ‘guides’
plot_calibration: no visible binding for global variable ‘nominal_prob’
plot_calibration: no visible binding for global variable ‘prop_below’
plot_calibration: no visible global function definition for
  ‘facet_wrap’
plot_calibration: no visible global function definition for ‘xlim’
plot_calibration: no visible global function definition for ‘ylim’
plot_calibration: no visible global function definition for ‘theme_bw’
plot_coverage: no visible global function definition for ‘ggplot’
plot_coverage: no visible global function definition for ‘aes’
plot_coverage: no visible binding for global variable
  ‘nominal_coverage_prob’
plot_coverage: no visible binding for global variable ‘prop_covered’
plot_coverage: no visible binding for global variable ‘forecaster’
plot_coverage: no visible global function definition for ‘geom_line’
plot_coverage: no visible global function definition for ‘geom_abline’
plot_coverage: no visible global function definition for ‘geom_vline’
plot_coverage: no visible global function definition for ‘facet_wrap’
plot_coverage: no visible global function definition for ‘theme_bw’
plot_coverage: no visible global function definition for ‘xlim’
plot_coverage: no visible global function definition for ‘ylim’
plot_coverage: no visible global function definition for ‘labs’
plot_measure: no visible global function definition for ‘ggplot’
plot_measure: no visible global function definition for ‘aes’
plot_measure: no visible binding for global variable ‘forecaster’
plot_measure: no visible global function definition for ‘geom_boxplot’
plot_measure: no visible global function definition for ‘facet_wrap’
plot_measure: no visible global function definition for ‘scale_y_log10’
plot_measure: no visible binding for global variable ‘avg_err’
plot_measure: no visible binding for global variable ‘forecast_date’
plot_measure: no visible global function definition for ‘geom_point’
plot_width: no visible binding for global variable ‘forecaster’
plot_width: no visible binding for global variable ‘forecast_date’
plot_width: no visible binding for global variable ‘coverage’
plot_width: no visible binding for global variable ‘nominal’
plot_width: no visible global function definition for ‘median’
plot_width: no visible binding for global variable ‘width’
plot_width: no visible binding for global variable ‘median’
plot_width: no visible global function definition for ‘ggplot’
plot_width: no visible global function definition for ‘aes’
plot_width: no visible global function definition for ‘geom_line’
plot_width: no visible global function definition for ‘geom_vline’
plot_width: no visible global function definition for ‘facet_wrap’
plot_width: no visible global function definition for ‘labs’
weighted_interval_score: no visible binding for global variable ‘upper’
weighted_interval_score: no visible binding for global variable ‘lower’
weighted_interval_score: no visible binding for global variable ‘alpha’
weighted_interval_score: no visible binding for global variable ‘width’
weighted_interval_score: no visible binding for global variable
  ‘dist_from_interval’
Undefined global functions or variables:
  := actual aes ahead alpha avg_err COUNTYNAME coverage coverage_type
  dist_from_interval emph end facet_wrap fips FIPS forecast_date
  forecast_distribution forecaster geo_type geo_value geom_abline
  geom_boxplot geom_line geom_point geom_vline ggplot guides is_above
  is_below is_covered labs lower median nominal nominal_coverage_prob
  nominal_id nominal_prob nominal_quantile probs prop_below
  prop_covered proportion quantiles quantiles.x quantiles.y response
  scale_alpha_continuous scale_colour_discrete scale_size_continuous
  scale_y_log10 start STATE target target_end_date theme_bw type upper
  value width xlim ylim
Consider adding
  importFrom("stats", "end", "median", "start")
to your NAMESPACE file.
* checking Rd files ... OK
* checking Rd metadata ... OK
* checking Rd line widths ... OK
* checking Rd cross-references ... OK
* checking for missing documentation entries ... WARNING
Undocumented code objects:
  ‘get_target_period’ ‘plot_calibration’
All user-level objects in a package should have documentation entries.
See chapter ‘Writing R documentation files’ in the ‘Writing R
Extensions’ manual.
* checking for code/documentation mismatches ... OK
* checking Rd \usage sections ... WARNING
Undocumented arguments in documentation object 'absolute_error'
  ‘quantile_forecasts’ ‘actual_value’

Undocumented arguments in documentation object 'download_signal'
  ‘...’

Undocumented arguments in documentation object 'filter_predictions'
  ‘name_of_forecaster’ ‘response_data_source’ ‘response_signal’
  ‘forecast_date’ ‘incidence_period’ ‘ahead’ ‘geo_type’

Undocumented arguments in documentation object 'get_predictions_single_date'
  ‘forecaster’ ‘name_of_forecaster’ ‘signals’ ‘forecast_date’
  ‘incidence_period’ ‘ahead’ ‘geo_type’ ‘geo_values’

Undocumented arguments in documentation object 'get_target_response'
  ‘signals’ ‘forecast_dates’ ‘incidence_period’ ‘ahead’ ‘geo_type’

Undocumented arguments in documentation object 'plot_measure'
  ‘type’

Undocumented arguments in documentation object 'plot_width'
  ‘alpha’
Documented arguments not in \usage in documentation object 'plot_width':
  ‘location’

Undocumented arguments in documentation object 'weighted_interval_score'
  ‘quantile_forecasts’ ‘actual_value’

Functions with \usage entries need to have the appropriate \alias
entries, and all their arguments documented.
The \usage entries must correspond to syntactically valid R code.
See chapter ‘Writing R documentation files’ in the ‘Writing R
Extensions’ manual.
* checking Rd contents ... OK
* checking for unstated dependencies in examples ... OK
* checking examples ... NONE
* checking for unstated dependencies in ‘tests’ ... OK
* checking tests ... ERROR
  Running ‘testthat.R’
Running the tests in ‘tests/testthat.R’ failed.
Complete output:
  > library(testthat)
  > library(evalcast)
  > 
  > test_check("evalcast")
  Error: No tests found for evalcast
  Execution halted
* checking PDF version of manual ... OK
* checking for non-standard things in the check directory ... OK
* checking for detritus in the temp directory ... OK
* DONE
Status: 1 ERROR, 3 WARNINGs, 1 NOTE
