Hmm ... looks like a package

This is pdfTeX, Version 3.14159265-2.6-1.40.21 (TeX Live 2020) (preloaded format=pdflatex)
 restricted \write18 enabled.
entering extended mode

(/private/var/folders/xj/ng9zsh9902bdq9mdy4g84pn40000gp/T/Rtmp0tqaHP/Rd2pdf8ebf
1e97cdbc/Rd2.tex
LaTeX2e <2020-02-02> patch level 5
L3 programming layer <2020-03-06>
(/usr/local/texlive/2020/texmf-dist/tex/latex/base/book.cls
Document Class: book 2019/12/20 v1.4l Standard LaTeX document class
(/usr/local/texlive/2020/texmf-dist/tex/latex/base/bk10.clo))
(/usr/local/Cellar/r/4.0.2_1/lib/R/share/texmf/tex/latex/Rd.sty
(/usr/local/texlive/2020/texmf-dist/tex/latex/base/ifthen.sty)
(/usr/local/texlive/2020/texmf-dist/tex/latex/tools/longtable.sty)
(/usr/local/texlive/2020/texmf-dist/tex/latex/tools/bm.sty)
(/usr/local/texlive/2020/texmf-dist/tex/latex/base/alltt.sty)
(/usr/local/texlive/2020/texmf-dist/tex/latex/tools/verbatim.sty)
(/usr/local/texlive/2020/texmf-dist/tex/latex/url/url.sty)
(/usr/local/texlive/2020/texmf-dist/tex/latex/base/textcomp.sty)
(/usr/local/texlive/2020/texmf-dist/tex/latex/base/fontenc.sty)
(/usr/local/texlive/2020/texmf-dist/tex/latex/psnfss/times.sty)
(/usr/local/texlive/2020/texmf-dist/tex/latex/inconsolata/zi4.sty
`inconsolata-zi4' v1.12, 2019/05/17 Text macros for Inconsolata (msharpe)
(/usr/local/texlive/2020/texmf-dist/tex/latex/xkeyval/xkeyval.sty
(/usr/local/texlive/2020/texmf-dist/tex/generic/xkeyval/xkeyval.tex
(/usr/local/texlive/2020/texmf-dist/tex/generic/xkeyval/xkvutils.tex
(/usr/local/texlive/2020/texmf-dist/tex/generic/xkeyval/keyval.tex)))))
(/usr/local/texlive/2020/texmf-dist/tex/latex/graphics/color.sty
(/usr/local/texlive/2020/texmf-dist/tex/latex/graphics-cfg/color.cfg)
(/usr/local/texlive/2020/texmf-dist/tex/latex/graphics-def/pdftex.def))
(/usr/local/texlive/2020/texmf-dist/tex/latex/hyperref/hyperref.sty
(/usr/local/texlive/2020/texmf-dist/tex/generic/ltxcmds/ltxcmds.sty)
(/usr/local/texlive/2020/texmf-dist/tex/generic/iftex/iftex.sty)
(/usr/local/texlive/2020/texmf-dist/tex/latex/pdftexcmds/pdftexcmds.sty
(/usr/local/texlive/2020/texmf-dist/tex/generic/infwarerr/infwarerr.sty))
(/usr/local/texlive/2020/texmf-dist/tex/generic/kvsetkeys/kvsetkeys.sty)
(/usr/local/texlive/2020/texmf-dist/tex/generic/kvdefinekeys/kvdefinekeys.sty)
(/usr/local/texlive/2020/texmf-dist/tex/generic/pdfescape/pdfescape.sty)
(/usr/local/texlive/2020/texmf-dist/tex/latex/hycolor/hycolor.sty)
(/usr/local/texlive/2020/texmf-dist/tex/latex/letltxmacro/letltxmacro.sty)
(/usr/local/texlive/2020/texmf-dist/tex/latex/auxhook/auxhook.sty)
(/usr/local/texlive/2020/texmf-dist/tex/latex/kvoptions/kvoptions.sty)
(/usr/local/texlive/2020/texmf-dist/tex/latex/hyperref/pd1enc.def)
(/usr/local/texlive/2020/texmf-dist/tex/generic/intcalc/intcalc.sty)
(/usr/local/texlive/2020/texmf-dist/tex/generic/etexcmds/etexcmds.sty)
(/usr/local/texlive/2020/texmf-dist/tex/generic/bitset/bitset.sty
(/usr/local/texlive/2020/texmf-dist/tex/generic/bigintcalc/bigintcalc.sty))
(/usr/local/texlive/2020/texmf-dist/tex/generic/atbegshi/atbegshi.sty))
(/usr/local/texlive/2020/texmf-dist/tex/latex/hyperref/hpdftex.def
(/usr/local/texlive/2020/texmf-dist/tex/latex/atveryend/atveryend.sty)
(/usr/local/texlive/2020/texmf-dist/tex/latex/rerunfilecheck/rerunfilecheck.sty

(/usr/local/texlive/2020/texmf-dist/tex/generic/uniquecounter/uniquecounter.sty
)))

Package hyperref Warning: Option `hyperindex' has already been used,
(hyperref)                setting the option has no effect on input line 377.


Package hyperref Warning: Option `pagebackref' has already been used,
(hyperref)                setting the option has no effect on input line 377.

) (/usr/local/texlive/2020/texmf-dist/tex/latex/base/makeidx.sty)
(/usr/local/texlive/2020/texmf-dist/tex/latex/base/inputenc.sty)
Writing index file Rd2.idx
(/usr/local/texlive/2020/texmf-dist/tex/latex/l3backend/l3backend-pdfmode.def)
No file Rd2.aux.
(/usr/local/texlive/2020/texmf-dist/tex/latex/psnfss/t1ptm.fd)
(/usr/local/texlive/2020/texmf-dist/tex/context/base/mkii/supp-pdf.mkii
[Loading MPS to PDF converter (version 2006.09.02).]
) (/usr/local/texlive/2020/texmf-dist/tex/latex/hyperref/nameref.sty
(/usr/local/texlive/2020/texmf-dist/tex/latex/refcount/refcount.sty)
(/usr/local/texlive/2020/texmf-dist/tex/generic/gettitlestring/gettitlestring.s
ty)) (/usr/local/texlive/2020/texmf-dist/tex/latex/psnfss/ts1ptm.fd)
(/usr/local/texlive/2020/texmf-dist/tex/latex/inconsolata/t1zi4.fd)
(/usr/local/texlive/2020/texmf-dist/tex/latex/psnfss/t1phv.fd

LaTeX Warning: Font shape declaration has incorrect series value `mc'.
               It should not contain an `m'! Please correct it.
               Found on input line 20.


LaTeX Warning: Font shape declaration has incorrect series value `mc'.
               It should not contain an `m'! Please correct it.
               Found on input line 23.


LaTeX Warning: Font shape declaration has incorrect series value `mc'.
               It should not contain an `m'! Please correct it.
               Found on input line 26.


LaTeX Warning: Font shape declaration has incorrect series value `mc'.
               It should not contain an `m'! Please correct it.
               Found on input line 46.

) [1{/usr/local/texlive/2020/texmf-var/fonts/map/pdftex/updmap/pdftex.map}]
[2]
Overfull \hbox (31.76634pt too wide) in paragraph at lines 128--138
\T1/ptm/m/n/10 documentation](https://cmu-delphi.github.io/delphi-epidata/api/c
ovidcast_signals.html)
[3]
Overfull \hbox (21.41006pt too wide) in paragraph at lines 215--215
 []  \T1/zi4/m/n/10 err_measures = list(wis = weighted_interval_score, ae = abs
olute_error, coverage_80 =[] 
[4] [5]
Overfull \hbox (106.45505pt too wide) in paragraph at lines 290--294
[]\T1/ptm/m/n/10 This func-tion sim-ply con-verts the pre-dic-tions of fore-cas
t-ers sub-mit-ting to the COVID Hub https://github.com/reichlab/covid19-

Overfull \hbox (216.35866pt too wide) in paragraph at lines 306--308
[]\T1/ptm/m/n/10 a vec-tor of class Date on which fore-casts will be made. e.g.
 \T1/zi4/m/n/10 c(lubridate::ymd("2020-09-07"),lubridate::ymd("2020-09-14")) 

Overfull \hbox (41.89532pt too wide) in paragraph at lines 325--327
[]\T1/ptm/m/n/10 Retrieves the fore-cast dates that a fore-caster sub-mit-ted t
o the COVID Hub https://github.com/reichlab/covid19-
[6]
Overfull \hbox (31.76634pt too wide) in paragraph at lines 374--384
\T1/ptm/m/n/10 documentation](https://cmu-delphi.github.io/delphi-epidata/api/c
ovidcast_signals.html)
[7]
Overfull \hbox (216.35866pt too wide) in paragraph at lines 385--387
[]\T1/ptm/m/n/10 a vec-tor of class Date on which fore-casts will be made. e.g.
 \T1/zi4/m/n/10 c(lubridate::ymd("2020-09-07"),lubridate::ymd("2020-09-14")) 
[8] [9] [10] [11]
No file Rd2.ind.
[12] (./Rd2.aux)

Package rerunfilecheck Warning: File `Rd2.out' has changed.
(rerunfilecheck)                Rerun to get outlines right
(rerunfilecheck)                or use package `bookmark'.

 )
(see the transcript file for additional information)pdfTeX warning (dest): name
{Rfn.covidcast.Rul.signal} has been referenced but does not exist, replaced by 
a fixed one

{/usr/local/texlive/2020/texmf-dist/fonts/enc/dvips/base/8r.enc}{/usr/local/tex
live/2020/texmf-dist/fonts/enc/dvips/inconsolata/i4-t1-0.enc}{/usr/local/texliv
e/2020/texmf-dist/fonts/enc/dvips/cm-super/cm-super-ts1.enc}</usr/local/texlive
/2020/texmf-dist/fonts/type1/public/inconsolata/Inconsolata-zi4r.pfb></usr/loca
l/texlive/2020/texmf-dist/fonts/type1/public/cm-super/sfrm1000.pfb></usr/local/
texlive/2020/texmf-dist/fonts/type1/urw/helvetic/uhvr8a.pfb></usr/local/texlive
/2020/texmf-dist/fonts/type1/urw/times/utmb8a.pfb></usr/local/texlive/2020/texm
f-dist/fonts/type1/urw/times/utmr8a.pfb></usr/local/texlive/2020/texmf-dist/fon
ts/type1/urw/times/utmr8a.pfb></usr/local/texlive/2020/texmf-dist/fonts/type1/u
rw/times/utmri8a.pfb>
Output written on Rd2.pdf (12 pages, 100740 bytes).
Transcript written on Rd2.log.
This is makeindex, version 2.15 [TeX Live 2020] (kpathsea + Thai support).
Scanning input file ./Rd2.idx....done (28 entries accepted, 0 rejected).
Sorting entries....done (125 comparisons).
Generating output file ./Rd2.ind....done (63 lines written, 0 warnings).
Output written in ./Rd2.ind.
Transcript written in ./Rd2.ilg.
This is pdfTeX, Version 3.14159265-2.6-1.40.21 (TeX Live 2020) (preloaded format=pdflatex)
 restricted \write18 enabled.
entering extended mode

(/private/var/folders/xj/ng9zsh9902bdq9mdy4g84pn40000gp/T/Rtmp0tqaHP/Rd2pdf8ebf
1e97cdbc/Rd2.tex
LaTeX2e <2020-02-02> patch level 5
L3 programming layer <2020-03-06>
(/usr/local/texlive/2020/texmf-dist/tex/latex/base/book.cls
Document Class: book 2019/12/20 v1.4l Standard LaTeX document class
(/usr/local/texlive/2020/texmf-dist/tex/latex/base/bk10.clo))
(/usr/local/Cellar/r/4.0.2_1/lib/R/share/texmf/tex/latex/Rd.sty
(/usr/local/texlive/2020/texmf-dist/tex/latex/base/ifthen.sty)
(/usr/local/texlive/2020/texmf-dist/tex/latex/tools/longtable.sty)
(/usr/local/texlive/2020/texmf-dist/tex/latex/tools/bm.sty)
(/usr/local/texlive/2020/texmf-dist/tex/latex/base/alltt.sty)
(/usr/local/texlive/2020/texmf-dist/tex/latex/tools/verbatim.sty)
(/usr/local/texlive/2020/texmf-dist/tex/latex/url/url.sty)
(/usr/local/texlive/2020/texmf-dist/tex/latex/base/textcomp.sty)
(/usr/local/texlive/2020/texmf-dist/tex/latex/base/fontenc.sty)
(/usr/local/texlive/2020/texmf-dist/tex/latex/psnfss/times.sty)
(/usr/local/texlive/2020/texmf-dist/tex/latex/inconsolata/zi4.sty
`inconsolata-zi4' v1.12, 2019/05/17 Text macros for Inconsolata (msharpe)
(/usr/local/texlive/2020/texmf-dist/tex/latex/xkeyval/xkeyval.sty
(/usr/local/texlive/2020/texmf-dist/tex/generic/xkeyval/xkeyval.tex
(/usr/local/texlive/2020/texmf-dist/tex/generic/xkeyval/xkvutils.tex
(/usr/local/texlive/2020/texmf-dist/tex/generic/xkeyval/keyval.tex)))))
(/usr/local/texlive/2020/texmf-dist/tex/latex/graphics/color.sty
(/usr/local/texlive/2020/texmf-dist/tex/latex/graphics-cfg/color.cfg)
(/usr/local/texlive/2020/texmf-dist/tex/latex/graphics-def/pdftex.def))
(/usr/local/texlive/2020/texmf-dist/tex/latex/hyperref/hyperref.sty
(/usr/local/texlive/2020/texmf-dist/tex/generic/ltxcmds/ltxcmds.sty)
(/usr/local/texlive/2020/texmf-dist/tex/generic/iftex/iftex.sty)
(/usr/local/texlive/2020/texmf-dist/tex/latex/pdftexcmds/pdftexcmds.sty
(/usr/local/texlive/2020/texmf-dist/tex/generic/infwarerr/infwarerr.sty))
(/usr/local/texlive/2020/texmf-dist/tex/generic/kvsetkeys/kvsetkeys.sty)
(/usr/local/texlive/2020/texmf-dist/tex/generic/kvdefinekeys/kvdefinekeys.sty)
(/usr/local/texlive/2020/texmf-dist/tex/generic/pdfescape/pdfescape.sty)
(/usr/local/texlive/2020/texmf-dist/tex/latex/hycolor/hycolor.sty)
(/usr/local/texlive/2020/texmf-dist/tex/latex/letltxmacro/letltxmacro.sty)
(/usr/local/texlive/2020/texmf-dist/tex/latex/auxhook/auxhook.sty)
(/usr/local/texlive/2020/texmf-dist/tex/latex/kvoptions/kvoptions.sty)
(/usr/local/texlive/2020/texmf-dist/tex/latex/hyperref/pd1enc.def)
(/usr/local/texlive/2020/texmf-dist/tex/generic/intcalc/intcalc.sty)
(/usr/local/texlive/2020/texmf-dist/tex/generic/etexcmds/etexcmds.sty)
(/usr/local/texlive/2020/texmf-dist/tex/generic/bitset/bitset.sty
(/usr/local/texlive/2020/texmf-dist/tex/generic/bigintcalc/bigintcalc.sty))
(/usr/local/texlive/2020/texmf-dist/tex/generic/atbegshi/atbegshi.sty))
(/usr/local/texlive/2020/texmf-dist/tex/latex/hyperref/hpdftex.def
(/usr/local/texlive/2020/texmf-dist/tex/latex/atveryend/atveryend.sty)
(/usr/local/texlive/2020/texmf-dist/tex/latex/rerunfilecheck/rerunfilecheck.sty

(/usr/local/texlive/2020/texmf-dist/tex/generic/uniquecounter/uniquecounter.sty
)))

Package hyperref Warning: Option `hyperindex' has already been used,
(hyperref)                setting the option has no effect on input line 377.


Package hyperref Warning: Option `pagebackref' has already been used,
(hyperref)                setting the option has no effect on input line 377.

) (/usr/local/texlive/2020/texmf-dist/tex/latex/base/makeidx.sty)
(/usr/local/texlive/2020/texmf-dist/tex/latex/base/inputenc.sty)
Writing index file Rd2.idx
(/usr/local/texlive/2020/texmf-dist/tex/latex/l3backend/l3backend-pdfmode.def)
(./Rd2.aux) (/usr/local/texlive/2020/texmf-dist/tex/latex/psnfss/t1ptm.fd)
(/usr/local/texlive/2020/texmf-dist/tex/context/base/mkii/supp-pdf.mkii
[Loading MPS to PDF converter (version 2006.09.02).]
) (/usr/local/texlive/2020/texmf-dist/tex/latex/hyperref/nameref.sty
(/usr/local/texlive/2020/texmf-dist/tex/latex/refcount/refcount.sty)
(/usr/local/texlive/2020/texmf-dist/tex/generic/gettitlestring/gettitlestring.s
ty)) (./Rd2.out) (./Rd2.out)
(/usr/local/texlive/2020/texmf-dist/tex/latex/psnfss/ts1ptm.fd)
(/usr/local/texlive/2020/texmf-dist/tex/latex/inconsolata/t1zi4.fd)
(/usr/local/texlive/2020/texmf-dist/tex/latex/psnfss/t1phv.fd

LaTeX Warning: Font shape declaration has incorrect series value `mc'.
               It should not contain an `m'! Please correct it.
               Found on input line 20.


LaTeX Warning: Font shape declaration has incorrect series value `mc'.
               It should not contain an `m'! Please correct it.
               Found on input line 23.


LaTeX Warning: Font shape declaration has incorrect series value `mc'.
               It should not contain an `m'! Please correct it.
               Found on input line 26.


LaTeX Warning: Font shape declaration has incorrect series value `mc'.
               It should not contain an `m'! Please correct it.
               Found on input line 46.

) (./Rd2.toc [1{/usr/local/texlive/2020/texmf-var/fonts/map/pdftex/updmap/pdfte
x.map}]) [2]
Overfull \hbox (31.76634pt too wide) in paragraph at lines 128--138
\T1/ptm/m/n/10 documentation](https://cmu-delphi.github.io/delphi-epidata/api/c
ovidcast_signals.html)
[3] [4]
Overfull \hbox (21.41006pt too wide) in paragraph at lines 215--215
 []  \T1/zi4/m/n/10 err_measures = list(wis = weighted_interval_score, ae = abs
olute_error, coverage_80 =[] 
[5]
Overfull \hbox (106.45505pt too wide) in paragraph at lines 290--294
[]\T1/ptm/m/n/10 This func-tion sim-ply con-verts the pre-dic-tions of fore-cas
t-ers sub-mit-ting to the COVID Hub https://github.com/reichlab/covid19-

Overfull \hbox (216.35866pt too wide) in paragraph at lines 306--308
[]\T1/ptm/m/n/10 a vec-tor of class Date on which fore-casts will be made. e.g.
 \T1/zi4/m/n/10 c(lubridate::ymd("2020-09-07"),lubridate::ymd("2020-09-14")) 
[6]
Overfull \hbox (41.89532pt too wide) in paragraph at lines 325--327
[]\T1/ptm/m/n/10 Retrieves the fore-cast dates that a fore-caster sub-mit-ted t
o the COVID Hub https://github.com/reichlab/covid19-
[7]
Overfull \hbox (31.76634pt too wide) in paragraph at lines 374--384
\T1/ptm/m/n/10 documentation](https://cmu-delphi.github.io/delphi-epidata/api/c
ovidcast_signals.html)

Overfull \hbox (216.35866pt too wide) in paragraph at lines 385--387
[]\T1/ptm/m/n/10 a vec-tor of class Date on which fore-casts will be made. e.g.
 \T1/zi4/m/n/10 c(lubridate::ymd("2020-09-07"),lubridate::ymd("2020-09-14")) 
[8] [9] [10] [11] (./Rd2.ind [12] [13]) (./Rd2.aux)

Package rerunfilecheck Warning: File `Rd2.out' has changed.
(rerunfilecheck)                Rerun to get outlines right
(rerunfilecheck)                or use package `bookmark'.

 )
(see the transcript file for additional information)pdfTeX warning (dest): name
{Rfn.covidcast.Rul.signal} has been referenced but does not exist, replaced by 
a fixed one

{/usr/local/texlive/2020/texmf-dist/fonts/enc/dvips/base/8r.enc}{/usr/local/tex
live/2020/texmf-dist/fonts/enc/dvips/inconsolata/i4-t1-0.enc}{/usr/local/texliv
e/2020/texmf-dist/fonts/enc/dvips/cm-super/cm-super-ts1.enc}</usr/local/texlive
/2020/texmf-dist/fonts/type1/public/inconsolata/Inconsolata-zi4r.pfb></usr/loca
l/texlive/2020/texmf-dist/fonts/type1/public/amsfonts/cm/cmsy10.pfb></usr/local
/texlive/2020/texmf-dist/fonts/type1/public/cm-super/sfrm1000.pfb></usr/local/t
exlive/2020/texmf-dist/fonts/type1/urw/helvetic/uhvr8a.pfb></usr/local/texlive/
2020/texmf-dist/fonts/type1/urw/times/utmb8a.pfb></usr/local/texlive/2020/texmf
-dist/fonts/type1/urw/times/utmr8a.pfb></usr/local/texlive/2020/texmf-dist/font
s/type1/urw/times/utmr8a.pfb></usr/local/texlive/2020/texmf-dist/fonts/type1/ur
w/times/utmri8a.pfb>
Output written on Rd2.pdf (13 pages, 112755 bytes).
Transcript written on Rd2.log.
This is makeindex, version 2.15 [TeX Live 2020] (kpathsea + Thai support).
Scanning input file ./Rd2.idx....done (28 entries accepted, 0 rejected).
Sorting entries....done (125 comparisons).
Generating output file ./Rd2.ind....done (63 lines written, 1 warning).
Output written in ./Rd2.ind.
Transcript written in ./Rd2.ilg.
This is pdfTeX, Version 3.14159265-2.6-1.40.21 (TeX Live 2020) (preloaded format=pdflatex)
 restricted \write18 enabled.
entering extended mode

(/private/var/folders/xj/ng9zsh9902bdq9mdy4g84pn40000gp/T/Rtmp0tqaHP/Rd2pdf8ebf
1e97cdbc/Rd2.tex
LaTeX2e <2020-02-02> patch level 5
L3 programming layer <2020-03-06>
(/usr/local/texlive/2020/texmf-dist/tex/latex/base/book.cls
Document Class: book 2019/12/20 v1.4l Standard LaTeX document class
(/usr/local/texlive/2020/texmf-dist/tex/latex/base/bk10.clo))
(/usr/local/Cellar/r/4.0.2_1/lib/R/share/texmf/tex/latex/Rd.sty
(/usr/local/texlive/2020/texmf-dist/tex/latex/base/ifthen.sty)
(/usr/local/texlive/2020/texmf-dist/tex/latex/tools/longtable.sty)
(/usr/local/texlive/2020/texmf-dist/tex/latex/tools/bm.sty)
(/usr/local/texlive/2020/texmf-dist/tex/latex/base/alltt.sty)
(/usr/local/texlive/2020/texmf-dist/tex/latex/tools/verbatim.sty)
(/usr/local/texlive/2020/texmf-dist/tex/latex/url/url.sty)
(/usr/local/texlive/2020/texmf-dist/tex/latex/base/textcomp.sty)
(/usr/local/texlive/2020/texmf-dist/tex/latex/base/fontenc.sty)
(/usr/local/texlive/2020/texmf-dist/tex/latex/psnfss/times.sty)
(/usr/local/texlive/2020/texmf-dist/tex/latex/inconsolata/zi4.sty
`inconsolata-zi4' v1.12, 2019/05/17 Text macros for Inconsolata (msharpe)
(/usr/local/texlive/2020/texmf-dist/tex/latex/xkeyval/xkeyval.sty
(/usr/local/texlive/2020/texmf-dist/tex/generic/xkeyval/xkeyval.tex
(/usr/local/texlive/2020/texmf-dist/tex/generic/xkeyval/xkvutils.tex
(/usr/local/texlive/2020/texmf-dist/tex/generic/xkeyval/keyval.tex)))))
(/usr/local/texlive/2020/texmf-dist/tex/latex/graphics/color.sty
(/usr/local/texlive/2020/texmf-dist/tex/latex/graphics-cfg/color.cfg)
(/usr/local/texlive/2020/texmf-dist/tex/latex/graphics-def/pdftex.def))
(/usr/local/texlive/2020/texmf-dist/tex/latex/hyperref/hyperref.sty
(/usr/local/texlive/2020/texmf-dist/tex/generic/ltxcmds/ltxcmds.sty)
(/usr/local/texlive/2020/texmf-dist/tex/generic/iftex/iftex.sty)
(/usr/local/texlive/2020/texmf-dist/tex/latex/pdftexcmds/pdftexcmds.sty
(/usr/local/texlive/2020/texmf-dist/tex/generic/infwarerr/infwarerr.sty))
(/usr/local/texlive/2020/texmf-dist/tex/generic/kvsetkeys/kvsetkeys.sty)
(/usr/local/texlive/2020/texmf-dist/tex/generic/kvdefinekeys/kvdefinekeys.sty)
(/usr/local/texlive/2020/texmf-dist/tex/generic/pdfescape/pdfescape.sty)
(/usr/local/texlive/2020/texmf-dist/tex/latex/hycolor/hycolor.sty)
(/usr/local/texlive/2020/texmf-dist/tex/latex/letltxmacro/letltxmacro.sty)
(/usr/local/texlive/2020/texmf-dist/tex/latex/auxhook/auxhook.sty)
(/usr/local/texlive/2020/texmf-dist/tex/latex/kvoptions/kvoptions.sty)
(/usr/local/texlive/2020/texmf-dist/tex/latex/hyperref/pd1enc.def)
(/usr/local/texlive/2020/texmf-dist/tex/generic/intcalc/intcalc.sty)
(/usr/local/texlive/2020/texmf-dist/tex/generic/etexcmds/etexcmds.sty)
(/usr/local/texlive/2020/texmf-dist/tex/generic/bitset/bitset.sty
(/usr/local/texlive/2020/texmf-dist/tex/generic/bigintcalc/bigintcalc.sty))
(/usr/local/texlive/2020/texmf-dist/tex/generic/atbegshi/atbegshi.sty))
(/usr/local/texlive/2020/texmf-dist/tex/latex/hyperref/hpdftex.def
(/usr/local/texlive/2020/texmf-dist/tex/latex/atveryend/atveryend.sty)
(/usr/local/texlive/2020/texmf-dist/tex/latex/rerunfilecheck/rerunfilecheck.sty

(/usr/local/texlive/2020/texmf-dist/tex/generic/uniquecounter/uniquecounter.sty
)))

Package hyperref Warning: Option `hyperindex' has already been used,
(hyperref)                setting the option has no effect on input line 377.


Package hyperref Warning: Option `pagebackref' has already been used,
(hyperref)                setting the option has no effect on input line 377.

) (/usr/local/texlive/2020/texmf-dist/tex/latex/base/makeidx.sty)
(/usr/local/texlive/2020/texmf-dist/tex/latex/base/inputenc.sty)
Writing index file Rd2.idx
(/usr/local/texlive/2020/texmf-dist/tex/latex/l3backend/l3backend-pdfmode.def)
(./Rd2.aux) (/usr/local/texlive/2020/texmf-dist/tex/latex/psnfss/t1ptm.fd)
(/usr/local/texlive/2020/texmf-dist/tex/context/base/mkii/supp-pdf.mkii
[Loading MPS to PDF converter (version 2006.09.02).]
) (/usr/local/texlive/2020/texmf-dist/tex/latex/hyperref/nameref.sty
(/usr/local/texlive/2020/texmf-dist/tex/latex/refcount/refcount.sty)
(/usr/local/texlive/2020/texmf-dist/tex/generic/gettitlestring/gettitlestring.s
ty)) (./Rd2.out) (./Rd2.out)
(/usr/local/texlive/2020/texmf-dist/tex/latex/psnfss/ts1ptm.fd)
(/usr/local/texlive/2020/texmf-dist/tex/latex/inconsolata/t1zi4.fd)
(/usr/local/texlive/2020/texmf-dist/tex/latex/psnfss/t1phv.fd

LaTeX Warning: Font shape declaration has incorrect series value `mc'.
               It should not contain an `m'! Please correct it.
               Found on input line 20.


LaTeX Warning: Font shape declaration has incorrect series value `mc'.
               It should not contain an `m'! Please correct it.
               Found on input line 23.


LaTeX Warning: Font shape declaration has incorrect series value `mc'.
               It should not contain an `m'! Please correct it.
               Found on input line 26.


LaTeX Warning: Font shape declaration has incorrect series value `mc'.
               It should not contain an `m'! Please correct it.
               Found on input line 46.

) (./Rd2.toc [1{/usr/local/texlive/2020/texmf-var/fonts/map/pdftex/updmap/pdfte
x.map}]) [2]
Overfull \hbox (31.76634pt too wide) in paragraph at lines 128--138
\T1/ptm/m/n/10 documentation](https://cmu-delphi.github.io/delphi-epidata/api/c
ovidcast_signals.html)
[3] [4]
Overfull \hbox (21.41006pt too wide) in paragraph at lines 215--215
 []  \T1/zi4/m/n/10 err_measures = list(wis = weighted_interval_score, ae = abs
olute_error, coverage_80 =[] 
[5]
Overfull \hbox (106.45505pt too wide) in paragraph at lines 290--294
[]\T1/ptm/m/n/10 This func-tion sim-ply con-verts the pre-dic-tions of fore-cas
t-ers sub-mit-ting to the COVID Hub https://github.com/reichlab/covid19-

Overfull \hbox (216.35866pt too wide) in paragraph at lines 306--308
[]\T1/ptm/m/n/10 a vec-tor of class Date on which fore-casts will be made. e.g.
 \T1/zi4/m/n/10 c(lubridate::ymd("2020-09-07"),lubridate::ymd("2020-09-14")) 
[6]
Overfull \hbox (41.89532pt too wide) in paragraph at lines 325--327
[]\T1/ptm/m/n/10 Retrieves the fore-cast dates that a fore-caster sub-mit-ted t
o the COVID Hub https://github.com/reichlab/covid19-
[7]
Overfull \hbox (31.76634pt too wide) in paragraph at lines 374--384
\T1/ptm/m/n/10 documentation](https://cmu-delphi.github.io/delphi-epidata/api/c
ovidcast_signals.html)

Overfull \hbox (216.35866pt too wide) in paragraph at lines 385--387
[]\T1/ptm/m/n/10 a vec-tor of class Date on which fore-casts will be made. e.g.
 \T1/zi4/m/n/10 c(lubridate::ymd("2020-09-07"),lubridate::ymd("2020-09-14")) 
[8] [9] [10] [11] (./Rd2.ind [12] [13]) (./Rd2.aux) )
(see the transcript file for additional information)pdfTeX warning (dest): name
{Rfn.covidcast.Rul.signal} has been referenced but does not exist, replaced by 
a fixed one

{/usr/local/texlive/2020/texmf-dist/fonts/enc/dvips/base/8r.enc}{/usr/local/tex
live/2020/texmf-dist/fonts/enc/dvips/inconsolata/i4-t1-0.enc}{/usr/local/texliv
e/2020/texmf-dist/fonts/enc/dvips/cm-super/cm-super-ts1.enc}</usr/local/texlive
/2020/texmf-dist/fonts/type1/public/inconsolata/Inconsolata-zi4r.pfb></usr/loca
l/texlive/2020/texmf-dist/fonts/type1/public/amsfonts/cm/cmsy10.pfb></usr/local
/texlive/2020/texmf-dist/fonts/type1/public/cm-super/sfrm1000.pfb></usr/local/t
exlive/2020/texmf-dist/fonts/type1/urw/helvetic/uhvr8a.pfb></usr/local/texlive/
2020/texmf-dist/fonts/type1/urw/times/utmb8a.pfb></usr/local/texlive/2020/texmf
-dist/fonts/type1/urw/times/utmr8a.pfb></usr/local/texlive/2020/texmf-dist/font
s/type1/urw/times/utmr8a.pfb></usr/local/texlive/2020/texmf-dist/fonts/type1/ur
w/times/utmri8a.pfb>
Output written on Rd2.pdf (13 pages, 113484 bytes).
Transcript written on Rd2.log.
Saving output to ‘evalcast-manual.pdf’ ...
Done
You may want to clean up by 'rm -Rf /var/folders/xj/ng9zsh9902bdq9mdy4g84pn40000gp/T//Rtmp0tqaHP/Rd2pdf8ebf1e97cdbc'
